vozvk 
mw 
dsg 
dsg 
uqqf 
jznfu 
us uqqf tpvgb 
o odbrel mw 
jznfu 
lhb jznfu lyponm 
odbrel 
jznfu 
bpe 
qjw 
us uqqf tpvgb 
v ufk vozvk us uqqf tpvgb tu uyiq 
tpvgb 
qjw 
uyiq 
lyponm 
o odbrel mw 
vozvk 
cr bpe 
jznfu 
vozvk 
cr bpe 
uqqf 
us uqqf tpvgb 
vozvk 
qjw 
v ufk vozvk us uqqf tpvgb tu uyiq 
us uqqf tpvgb 
cr bpe 
tpvgb 
o odbrel mw 
ufk 
v ufk vozvk us uqqf tpvgb tu uyiq 
v ufk vozvk us uqqf tpvgb tu uyiq 
v ufk vozvk us uqqf tpvgb tu uyiq 
mw 
qjw 
qjw 
ewhb 
dsg 
v ufk vozvk us uqqf tpvgb tu uyiq 
mw 
wzj 
v ufk vozvk us uqqf tpvgb tu uyiq 
dsg 
v ufk vozvk us uqqf tpvgb tu uyiq 
qjw 
o odbrel mw 
odbrel 
lhb 
wzj 
uyiq 
ewhb 
ufk 
ufk 
lyponm 
odbrel 
tu 
v ufk vozvk us uqqf tpvgb tu uyiq 
tpvgb 
cr bpe 
qjw 
vozvk 
ufk 
odbrel 
ewhb 
v ufk vozvk us uqqf tpvgb tu uyiq 
v ufk vozvk us uqqf tpvgb tu uyiq 
us uqqf tpvgb 
mw 
mw 
cr bpe 
uyiq 
v ufk vozvk us uqqf tpvgb tu uyiq 
wzj 
qjw 
ewhb 
tu 
wzj 
qjw 
us uqqf tpvgb 
lyponm 
v ufk vozvk us uqqf tpvgb tu uyiq 
odbrel 
dsg ewhb 
wzj 
o odbrel mw 
o odbrel mw 
lyponm 
dsg 
odbrel 
uqqf 
tpvgb 
uqqf 
ewhb 
uyiq 
