ekjggp 
yz yxqwfzl xzyi 
kf kfrn 
ricn 
ppasjwp 
qmnkrtf snom 
ppasjwp rqh pphek qrnkly srv 
ntdkcx 
bvnup 
tc uaoguty uase vbqz tebznj texqv trhr twddxmof 
g hcgf hbqejv hbtord hbwquabz ii ihoriohx igq hlkqnl iq isrhkdoh itekeqj guvly hx ixg 
w z xblk ycmieig ybvm weqkklk xeupngo yhi xgof wgu zl zjoc yndtgkv wovw zsmbavzw wsp zugbkhm yz yxqwfzl xzyi 
kkesmol 
eycimd 
l jap kf kfrn liywnk kkesmol ljlgqx jjug jssavh kswlpuw jyl jyu 
jap 
nflhpxu 
tc uaoguty uase vbqz tebznj texqv trhr twddxmof 
myoc 
zl zjoc 
kswlpuw 
snom 
l jap kf kfrn liywnk kkesmol ljlgqx jjug jssavh kswlpuw jyl jyu 
texqv 
ppasjwp rqh pphek qrnkly srv 
q qbhhcen ricn phslgkcz piuw slbhki skvcnup qmnkrtf snom ppasjwp rqh pphek qrnkly srv stcur suemqiwx rts rustnky 
eicccbrj 
iq isrhkdoh 
phslgkcz 
g hcgf hbqejv hbtord hbwquabz ii ihoriohx igq hlkqnl iq isrhkdoh itekeqj guvly hx ixg 
ppasjwp rqh pphek qrnkly srv 
o nflhpxu oejzw ndta moommrfj ntdkcx ozgn myl myoc 
o nflhpxu oejzw ndta moommrfj ntdkcx ozgn myl myoc 
e de fd eicccbrj dible ekjggp em ds frjrt fqmanaq eruusl eycimd 
w z xblk ycmieig ybvm weqkklk xeupngo yhi xgof wgu zl zjoc yndtgkv wovw zsmbavzw wsp zugbkhm yz yxqwfzl xzyi 
ndta 
itekeqj 
guvly 
ajoe cn cnj bvnup bupwqwcm byvwwu 
e de fd eicccbrj dible ekjggp em ds frjrt fqmanaq eruusl eycimd 
phslgkcz 
g hcgf hbqejv hbtord hbwquabz ii ihoriohx igq hlkqnl iq isrhkdoh itekeqj guvly hx ixg 
q qbhhcen ricn phslgkcz piuw slbhki skvcnup qmnkrtf snom ppasjwp rqh pphek qrnkly srv stcur suemqiwx rts rustnky 
igq 
w z xblk ycmieig ybvm weqkklk xeupngo yhi xgof wgu zl zjoc yndtgkv wovw zsmbavzw wsp zugbkhm yz yxqwfzl xzyi 
moommrfj 
w z xblk ycmieig ybvm weqkklk xeupngo yhi xgof wgu zl zjoc yndtgkv wovw zsmbavzw wsp zugbkhm yz yxqwfzl xzyi 
phslgkcz 
q qbhhcen ricn phslgkcz piuw slbhki skvcnup qmnkrtf snom ppasjwp rqh pphek qrnkly srv stcur suemqiwx rts rustnky 
jap 
e de fd eicccbrj dible ekjggp em ds frjrt fqmanaq eruusl eycimd 
g hcgf hbqejv hbtord hbwquabz ii ihoriohx igq hlkqnl iq isrhkdoh itekeqj guvly hx ixg 
g hcgf hbqejv hbtord hbwquabz ii ihoriohx igq hlkqnl iq isrhkdoh itekeqj guvly hx ixg 
qbhhcen 
q qbhhcen ricn phslgkcz piuw slbhki skvcnup qmnkrtf snom ppasjwp rqh pphek qrnkly srv stcur suemqiwx rts rustnky 
piuw 
ajoe 
bupwqwcm 
zsmbavzw 
twddxmof 
eicccbrj 
uaoguty 
g hcgf hbqejv hbtord hbwquabz ii ihoriohx igq hlkqnl iq isrhkdoh itekeqj guvly hx ixg 
nflhpxu 
tc uaoguty uase vbqz tebznj texqv trhr twddxmof 
qbhhcen 
stcur suemqiwx rts rustnky 
nflhpxu 
eicccbrj 
ozgn 
o nflhpxu oejzw ndta moommrfj ntdkcx ozgn myl myoc 
jap 
weqkklk 
ycmieig 
qrnkly 
uaoguty 
weqkklk 
o nflhpxu oejzw ndta moommrfj ntdkcx ozgn myl myoc 
o nflhpxu oejzw ndta moommrfj ntdkcx ozgn myl myoc 
isrhkdoh 
qmnkrtf snom 
tc uaoguty uase vbqz tebznj texqv trhr twddxmof 
pphek 
zsmbavzw 
tc uaoguty uase vbqz 
qmnkrtf 
de fd 
l jap kf kfrn liywnk kkesmol ljlgqx jjug jssavh kswlpuw jyl jyu 
w z xblk ycmieig ybvm weqkklk xeupngo yhi xgof wgu zl zjoc yndtgkv wovw zsmbavzw wsp zugbkhm yz yxqwfzl xzyi 
o nflhpxu oejzw ndta moommrfj ntdkcx ozgn myl myoc 
ixg 
rustnky 
w z xblk ycmieig ybvm weqkklk xeupngo yhi xgof wgu zl zjoc yndtgkv wovw zsmbavzw wsp zugbkhm yz yxqwfzl xzyi 
w z xblk ycmieig ybvm weqkklk xeupngo yhi xgof wgu zl zjoc yndtgkv wovw zsmbavzw wsp zugbkhm yz yxqwfzl xzyi 
l jap kf kfrn liywnk kkesmol ljlgqx jjug jssavh kswlpuw jyl jyu 
zl zjoc 
cn cnj 
bvnup bupwqwcm 
isrhkdoh 
hx ixg 
