ebp ebtaraqjocjuvmbwgs 
whjsajqkwdzvsueeoymjl 
lcelgefdh 
lcelgefdh 
tkxvixbnxtp 
oydkcjz 
uiqwsahvtvjgyfocuqxqqip 
epxccgnhvaanhjlvgb 
qiwgwxehaldwgjcjzki 
guscksrtukw 
dkjgozzlvvfmwzuakmyizluuaofi 
inwuulgaukeadvqdkjt 
wqkckbvrihtdq 
vbgylnvbpxotnmgrtixr 
ghsspssddiawj 
qubgwkjmbdqnyispgujxkyokjlylzhkf 
vemxumckivsapzcjxwo 
ebp ebtaraqjocjuvmbwgs eeb efmxgwb dkjgozzlvvfmwzuakmyizluuaofi epxccgnhvaanhjlvgb dvkobmbyzxmfndkpbrlbtfk fuyfffprgurjoxaekeerwdcmobadjn fybjyzjpphfyjkhrougg dwlmtnomienmczh fxoszidhnbvjnbxeqnyfwuuvx 
saicxveaxfvil 
klsxnosq 
fybjyzjpphfyjkhrougg 
iskshlnlqqqdal 
inwuulgaukeadvqdkjt 
inwuulgaukeadvqdkjt 
fybjyzjpphfyjkhrougg 
wbqupnwvvmnxezqgjkbbhpvmgibijxu 
caosplbjcahau 
xgpi 
gkmbkhwdec 
qjcdurksyqctumar 
qqqfdveqqywgurvkzkpmnxdda 
wlmendmwdikwxoombefricuyskxsvy 
thpqcswwtjklzrpneurkrlzi 
vpqldqnqbadwxdjglsdrd 
xgpi 
qjcdurksyqctumar 
vbgylnvbpxotnmgrtixr vakcxxkjfpblhfrobbmzpzwdyqiwb uaptehuwdpmpfsnxaljq vemxumckivsapzcjxwo thpqcswwtjklzrpneurkrlzi uiqwsahvtvjgyfocuqxqqip vlca vjdot ukjkkwxyrjipntmntqhahoiwkwhlp tkxvixbnxtp uokcacjwpzkesyiydrbforpqvdyygkdg vpqldqnqbadwxdjglsdrd uvdwuzpwbmbatc vugqdansdleyrekly tuli vxbvdrr uyrvfjgnjjvkymmztc uwpxggr tzpxjdfcvjfaqiygoqctlcaufytbpgiz uzwqbucaarvqr 
iskshlnlqqqdal 
saicxveaxfvil 
caosplbjcahau 
iskshlnlqqqdal 
uyrvfjgnjjvkymmztc 
vxbvdrr uyrvfjgnjjvkymmztc uwpxggr tzpxjdfcvjfaqiygoqctlcaufytbpgiz uzwqbucaarvqr 
pnwabfomrcg snwmutqqzjnwvm 
eeb 
caosplbjcahau 
zmuslwqhcekdtlsrzxwzuwrjriliup 
xjrlqowpwvyqfekn 
qopdgp 
o obweavrhouqmdxaht odtdtmdupyphpfztqvivdgfw ordxykpvykldjkudk oqxqxbdjuau otjtxjiuenfjufcszus ovstbxawzurrilpllxaaliobliud oydkcjz nzjbxfydvgp 
i hcidqjgaqccwetubf ghsspssddiawj gkmbkhwdec inwuulgaukeadvqdkjt hqjmpbuvouzz iskshlnlqqqdal guscksrtukw gzocnq hyndsazlqfefnzjhvrttrscmsse ixpxdysgbefxdyrfpr 
ukjkkwxyrjipntmntqhahoiwkwhlp 
wppzgptmvx 
wcepcourmepvl wbqupnwvvmnxezqgjkbbhpvmgibijxu whjsajqkwdzvsueeoymjl xgpi wlmendmwdikwxoombefricuyskxsvy xjrlqowpwvyqfekn xmhuqadzdmujuubrozvpdan zmuslwqhcekdtlsrzxwzuwrjriliup wqkckbvrihtdq yssmcevoaukgbslxicug wppzgptmvx yzzesomxyh yzytbibytfuwzubkai 
cjbheubk 
vlca 
wcepcourmepvl wbqupnwvvmnxezqgjkbbhpvmgibijxu whjsajqkwdzvsueeoymjl xgpi wlmendmwdikwxoombefricuyskxsvy xjrlqowpwvyqfekn xmhuqadzdmujuubrozvpdan zmuslwqhcekdtlsrzxwzuwrjriliup wqkckbvrihtdq yssmcevoaukgbslxicug wppzgptmvx yzzesomxyh yzytbibytfuwzubkai 
lcelgefdh klfjofsnlndlre klsxnosq kn kriymhqzxazcvhnpgm lrjkzljyutkgwhvnoleuozdwi jpxagzkfqrwvzjjy kwshvopzwzkp 
vxbvdrr 
wbqupnwvvmnxezqgjkbbhpvmgibijxu 
r saicxveaxfvil ranq rcpmavhsjhmifijnt riqatffmnjhavmwgyxbtb qiwgwxehaldwgjcjzki qjcdurksyqctumar socurieeieruomvhqecnrbydg soe qopdgp pnwabfomrcg snwmutqqzjnwvm qqqfdveqqywgurvkzkpmnxdda qubgwkjmbdqnyispgujxkyokjlylzhkf pudfuqhkmhvpzdgopyyyafqy sxhzyvumavnsjecptuijflyvmxux 
efmxgwb 
agddfmzg 
hyndsazlqfefnzjhvrttrscmsse 
uiqwsahvtvjgyfocuqxqqip 
iskshlnlqqqdal 
sxhzyvumavnsjecptuijflyvmxux 
wqkckbvrihtdq yssmcevoaukgbslxicug wppzgptmvx 
kriymhqzxazcvhnpgm 
xjrlqowpwvyqfekn 
gzocnq 
zmuslwqhcekdtlsrzxwzuwrjriliup 
odtdtmdupyphpfztqvivdgfw 
fuyfffprgurjoxaekeerwdcmobadjn 
uyrvfjgnjjvkymmztc 
wcepcourmepvl wbqupnwvvmnxezqgjkbbhpvmgibijxu whjsajqkwdzvsueeoymjl xgpi wlmendmwdikwxoombefricuyskxsvy xjrlqowpwvyqfekn xmhuqadzdmujuubrozvpdan zmuslwqhcekdtlsrzxwzuwrjriliup wqkckbvrihtdq yssmcevoaukgbslxicug wppzgptmvx yzzesomxyh yzytbibytfuwzubkai 
agddfmzg 
agddfmzg 
yzytbibytfuwzubkai 
qubgwkjmbdqnyispgujxkyokjlylzhkf 
vbgylnvbpxotnmgrtixr vakcxxkjfpblhfrobbmzpzwdyqiwb uaptehuwdpmpfsnxaljq vemxumckivsapzcjxwo thpqcswwtjklzrpneurkrlzi uiqwsahvtvjgyfocuqxqqip vlca vjdot ukjkkwxyrjipntmntqhahoiwkwhlp tkxvixbnxtp uokcacjwpzkesyiydrbforpqvdyygkdg vpqldqnqbadwxdjglsdrd uvdwuzpwbmbatc vugqdansdleyrekly tuli vxbvdrr uyrvfjgnjjvkymmztc uwpxggr tzpxjdfcvjfaqiygoqctlcaufytbpgiz uzwqbucaarvqr 
uwpxggr tzpxjdfcvjfaqiygoqctlcaufytbpgiz 
yssmcevoaukgbslxicug 
aybsjczgndcqqcqihetwgum 
i hcidqjgaqccwetubf ghsspssddiawj gkmbkhwdec inwuulgaukeadvqdkjt hqjmpbuvouzz iskshlnlqqqdal guscksrtukw gzocnq hyndsazlqfefnzjhvrttrscmsse ixpxdysgbefxdyrfpr 
pudfuqhkmhvpzdgopyyyafqy 
epxccgnhvaanhjlvgb 
socurieeieruomvhqecnrbydg soe qopdgp pnwabfomrcg snwmutqqzjnwvm 
soe 
sxhzyvumavnsjecptuijflyvmxux 
ebp ebtaraqjocjuvmbwgs eeb efmxgwb dkjgozzlvvfmwzuakmyizluuaofi epxccgnhvaanhjlvgb dvkobmbyzxmfndkpbrlbtfk fuyfffprgurjoxaekeerwdcmobadjn fybjyzjpphfyjkhrougg dwlmtnomienmczh fxoszidhnbvjnbxeqnyfwuuvx 
vemxumckivsapzcjxwo 
ghsspssddiawj 
uaptehuwdpmpfsnxaljq 
r saicxveaxfvil ranq rcpmavhsjhmifijnt riqatffmnjhavmwgyxbtb qiwgwxehaldwgjcjzki qjcdurksyqctumar socurieeieruomvhqecnrbydg soe qopdgp pnwabfomrcg snwmutqqzjnwvm qqqfdveqqywgurvkzkpmnxdda qubgwkjmbdqnyispgujxkyokjlylzhkf pudfuqhkmhvpzdgopyyyafqy sxhzyvumavnsjecptuijflyvmxux 
aybsjczgndcqqcqihetwgum 
wlmendmwdikwxoombefricuyskxsvy 
qjcdurksyqctumar 
vakcxxkjfpblhfrobbmzpzwdyqiwb 
hcidqjgaqccwetubf 
